/home/erwinpi/FiGS-Standalone/gemsplat/gemsplat/clip/clip.py:6: UserWarning: pkg_resources is deprecated as an API. See https://setuptools.pypa.io/en/latest/pkg_resources.html. The pkg_resources package is slated for removal as early as 2025-11-30. Refrain from using this package or pin to Setuptools<81.
  from pkg_resources import packaging
Training Student:  InstinctJester
Training new network.
Training Progress:   0%|          | 0/100 [00:00<?, ?it/s]
╭─────────────────────────── Traceback (most recent call last) ────────────────────────────╮
│ /data/erwinpi/SINGER/notebooks/ssv_multi3dgs_campaign.py:154 in train_history            │
│                                                                                          │
│   151 │   │   config_file, plot, use_wandb, wandb_project, wandb_run_name                │
│   152 │   )                                                                              │
│   153 │   init_wandb(cfg, "train_history")                                               │
│ ❱ 154 │   tp.train_roster(                                                               │
│   155 │   │   cfg["cohort"], cfg["roster"], "Parameter", cfg["Nep_his"], lim_sv=cfg.get( │
│   156 │   )                                                                              │
│   157 │   if cfg["plot"]:                                                                │
│                                                                                          │
│ ╭──────────────────────────────────── locals ─────────────────────────────────────╮      │
│ │            cfg = {                                                              │      │
│ │                  │   'cohort': 'ssv_CLIPSEG_NORMAL',                            │      │
│ │                  │   'method': 'rrt',                                           │      │
│ │                  │   'review': False,                                           │      │
│ │                  │   'Nep_his': 100,                                            │      │
│ │                  │   'Nep_com': 150,                                            │      │
│ │                  │   'flights': [                                               │      │
│ │                  │   │   ['flightroom_ssv_exp', 'flightroom_ssv_exp']           │      │
│ │                  │   ],                                                         │      │
│ │                  │   'roster': ['InstinctJester'],                              │      │
│ │                  │   'plot': False,                                             │      │
│ │                  │   'use_wandb': False,                                        │      │
│ │                  │   'wandb_project': None,                                     │      │
│ │                  │   ... +3                                                     │      │
│ │                  }                                                              │      │
│ │    config_file = PosixPath('../configs/experiment/ssv_multi3dgs.yml')           │      │
│ │           plot = False                                                          │      │
│ │      use_wandb = False                                                          │      │
│ │  wandb_project = None                                                           │      │
│ │ wandb_run_name = None                                                           │      │
│ ╰─────────────────────────────────────────────────────────────────────────────────╯      │
│                                                                                          │
│ /home/erwinpi/SINGER/src/sousvide/instruct/train_policy.py:25 in train_roster            │
│                                                                                          │
│    22 │   │   student = Pilot(cohort_name,student_name)                                  │
│    23 │   │   student.set_mode('train')                                                  │
│    24 │   │                                                                              │
│ ❱  25 │   │   train_student(cohort_name,student,mode,Neps,lim_sv,lr,batch_size)          │
│    26                                                                                    │
│    27 def train_student(cohort_name:str,student:Pilot,                                   │
│    28 │   │   │   │     mode:Literal["Parameter","Odometry","Commander"],                │
│                                                                                          │
│ ╭──────────────────────────────── locals ────────────────────────────────╮               │
│ │   batch_size = 64                                                      │               │
│ │  cohort_name = 'ssv_CLIPSEG_NORMAL'                                    │               │
│ │       lim_sv = 10                                                      │               │
│ │           lr = 0.0001                                                  │               │
│ │         mode = 'Parameter'                                             │               │
│ │         Neps = 100                                                     │               │
│ │       roster = ['InstinctJester']                                      │               │
│ │      student = <sousvide.control.pilot.Pilot object at 0x7e8ddada2ce0> │               │
│ │ student_name = 'InstinctJester'                                        │               │
│ ╰────────────────────────────────────────────────────────────────────────╯               │
│                                                                                          │
│ /home/erwinpi/SINGER/src/sousvide/instruct/train_policy.py:218 in train_student          │
│                                                                                          │
│   215 │   │   │   │   │   "epoch": ep,                                                   │
│   216 │   │   │   │   })                                                                 │
│   217 │   │   │   else:                                                                  │
│ ❱ 218 │   │   │   │   wandb.log({                                                        │
│   219 │   │   │   │   │   "train/epoch loss": loss_train,                                │
│   220 │   │   │   │   │   "test/epoch loss": loss_tests,                                 │
│   221 │   │   │   │   │   "epoch": ep,                                                   │
│                                                                                          │
│ ╭─────────────────────────────────────── locals ───────────────────────────────────────╮ │
│ │               _ = tensor([[0.0000, 0.8599, 0.0000, 0.0000, 2.2375, 0.1911, 1.6365,   │ │
│ │                   1.2059],                                                           │ │
│ │                   │   │   [0.0000, 1.4294, 0.0000, 0.0000, 3.2571, 0.3947, 2.6122,   │ │
│ │                   2.2579],                                                           │ │
│ │                   │   │   [0.0000, 1.3637, 0.0000, 0.0000, 3.1255, 0.8323, 2.5612,   │ │
│ │                   1.7704],                                                           │ │
│ │                   │   │   [0.0000, 1.7975, 0.0000, 0.0000, 3.1177, 0.6106, 3.0996,   │ │
│ │                   1.9468],                                                           │ │
│ │                   │   │   [0.0000, 1.2109, 0.0000, 0.0000, 2.9966, 0.5490, 2.2332,   │ │
│ │                   1.5521],                                                           │ │
│ │                   │   │   [0.0000, 0.9102, 0.0000, 0.0000, 2.5302, 0.0000, 2.0428,   │ │
│ │                   2.1446],                                                           │ │
│ │                   │   │   [0.0000, 1.5825, 0.0000, 0.0000, 2.7836, 0.2500, 2.5279,   │ │
│ │                   1.8370],                                                           │ │
│ │                   │   │   [0.0000, 1.6582, 0.0000, 0.0000, 3.5205, 0.5515, 2.8652,   │ │
│ │                   2.4564],                                                           │ │
│ │                   │   │   [0.0000, 1.2663, 0.0000, 0.0000, 2.8427, 0.4756, 2.2968,   │ │
│ │                   1.9487],                                                           │ │
│ │                   │   │   [0.0000, 0.9612, 0.0000, 0.0000, 2.8658, 0.7304, 2.5085,   │ │
│ │                   1.8555],                                                           │ │
│ │                   │   │   [0.0000, 0.8552, 0.1309, 0.0000, 2.6012, 0.2059, 1.8486,   │ │
│ │                   1.5738],                                                           │ │
│ │                   │   │   [0.0000, 1.2032, 0.0000, 0.0000, 2.5427, 0.1873, 1.9992,   │ │
│ │                   1.5673],                                                           │ │
│ │                   │   │   [0.0000, 1.1983, 0.0000, 0.0000, 2.4482, 0.0000, 2.1016,   │ │
│ │                   1.7179],                                                           │ │
│ │                   │   │   [0.0000, 1.5943, 0.0000, 0.0000, 3.0572, 0.6694, 2.9855,   │ │
│ │                   1.6942],                                                           │ │
│ │                   │   │   [0.0000, 1.3378, 0.0000, 0.0789, 2.6039, 0.0000, 2.5908,   │ │
│ │                   2.2159],                                                           │ │
│ │                   │   │   [0.0000, 1.3483, 0.0000, 0.0000, 2.2406, 0.1014, 1.8187,   │ │
│ │                   1.9008],                                                           │ │
│ │                   │   │   [0.0000, 1.0997, 0.0000, 0.0000, 3.1078, 0.6329, 2.0009,   │ │
│ │                   1.7293],                                                           │ │
│ │                   │   │   [0.0000, 1.8937, 0.0000, 0.0000, 3.2698, 0.5233, 2.5051,   │ │
│ │                   2.3231],                                                           │ │
│ │                   │   │   [0.0000, 1.6994, 0.0000, 0.1449, 3.0413, 0.1341, 2.8100,   │ │
│ │                   1.9244],                                                           │ │
│ │                   │   │   [0.0000, 1.0197, 0.0000, 0.0000, 2.4440, 0.0845, 2.3668,   │ │
│ │                   2.4412],                                                           │ │
│ │                   │   │   [0.0000, 1.2899, 0.0000, 0.0000, 2.4632, 0.2230, 2.1527,   │ │
│ │                   2.1262],                                                           │ │
│ │                   │   │   [0.0000, 1.6100, 0.0000, 0.0000, 3.0085, 0.0000, 2.2907,   │ │
│ │                   2.7992],                                                           │ │
│ │                   │   │   [0.0000, 1.4054, 0.0000, 0.0000, 3.1302, 0.5664, 2.7764,   │ │
│ │                   2.3129],                                                           │ │
│ │                   │   │   [0.0000, 1.6154, 0.0000, 0.0000, 3.1529, 0.7093, 3.0649,   │ │
│ │                   2.0157],                                                           │ │
│ │                   │   │   [0.0000, 1.2888, 0.0000, 0.4906, 2.1875, 0.0000, 2.0031,   │ │
│ │                   1.7882],                                                           │ │
│ │                   │   │   [0.0000, 0.8561, 0.0000, 0.0000, 2.8899, 0.4176, 1.6209,   │ │
│ │                   2.7574],                                                           │ │
│ │                   │   │   [0.0000, 1.0921, 0.0000, 0.0000, 2.2643, 0.2900, 1.6300,   │ │
│ │                   1.9513],                                                           │ │
│ │                   │   │   [0.0000, 1.2604, 0.0000, 0.0472, 2.3457, 0.0000, 2.0061,   │ │
│ │                   2.1487],                                                           │ │
│ │                   │   │   [0.0000, 1.6397, 0.0000, 0.0000, 3.8007, 0.6484, 2.7346,   │ │
│ │                   2.5820],                                                           │ │
│ │                   │   │   [0.0000, 1.3359, 0.0000, 0.0000, 2.8294, 0.7936, 2.6096,   │ │
│ │                   1.7618],                                                           │ │
│ │                   │   │   [0.0000, 1.4729, 0.0000, 0.0000, 2.8529, 0.4399, 2.0027,   │ │
│ │                   2.2420],                                                           │ │
│ │                   │   │   [0.0000, 1.6952, 0.0000, 0.0000, 3.0462, 0.3681, 2.5730,   │ │
│ │                   1.7367]],                                                          │ │
│ │                   │      device='cuda:0', grad_fn=<ReluBackward0>)                   │ │
│ │      batch_size = 64                                                                 │ │
│ │ best_model_path = '/home/erwinpi/SINGER/cohorts/ssv_CLIPSEG_NORMAL/roster/InstinctJ… │ │
│ │   best_rol_loss = inf                                                                │ │
│ │  best_test_loss = inf                                                                │ │
│ │   best_val_loss = inf                                                                │ │
│ │     cohort_name = 'ssv_CLIPSEG_NORMAL'                                               │ │
│ │       criterion = MSELoss()                                                          │ │
│ │      dataloader = <torch.utils.data.dataloader.DataLoader object at 0x7e8dea486980>  │ │
│ │         dataset = <sousvide.instruct.synthesized_data.ObservationData object at      │ │
│ │                   0x7e8cb03cffd0>                                                    │ │
│ │          device = device(type='cuda', index=0)                                       │ │
│ │              ep = 0                                                                  │ │
│ │             eps = <tqdm.notebook.tqdm_notebook object at 0x7e8ddac0be50>             │ │
│ │           input = (                                                                  │ │
│ │                   │   tensor([[ 0.0500, -1.9500,  0.0500,  ...,  0.0413,  0.0525,    │ │
│ │                   0.0641],                                                           │ │
│ │                   │   │   [ 0.0500,  0.0500,  0.0500,  ...,  0.0539,  0.0584,        │ │
│ │                   0.0628],                                                           │ │
│ │                   │   │   [ 0.0500,  0.0500,  0.0500,  ..., -0.1471, -0.1563,        │ │
│ │                   -0.1647],                                                          │ │
│ │                   │   │   ...,                                                       │ │
│ │                   │   │   [ 0.0500,  0.0500,  0.0500,  ...,  0.0747,  0.0784,        │ │
│ │                   0.0819],                                                           │ │
│ │                   │   │   [ 0.0500,  0.0500,  0.0500,  ..., -0.0784, -0.0876,        │ │
│ │                   -0.0972],                                                          │ │
│ │                   │   │   [ 0.0500,  0.0500,  0.0500,  ...,  0.1959,  0.2333,        │ │
│ │                   0.2664]],                                                          │ │
│ │                   │      device='cuda:0'),                                           │ │
│ │                   )                                                                  │ │
│ │           label = tensor([[0.8436, 5.5772],                                          │ │
│ │                   │   │   [0.8436, 5.5772],                                          │ │
│ │                   │   │   [0.9145, 7.1627],                                          │ │
│ │                   │   │   [0.9778, 6.2062],                                          │ │
│ │                   │   │   [0.9778, 6.2062],                                          │ │
│ │                   │   │   [0.9145, 7.1627],                                          │ │
│ │                   │   │   [0.9526, 8.7598],                                          │ │
│ │                   │   │   [0.9526, 8.7598],                                          │ │
│ │                   │   │   [0.9526, 8.7598],                                          │ │
│ │                   │   │   [0.9526, 8.7598],                                          │ │
│ │                   │   │   [0.9778, 6.2062],                                          │ │
│ │                   │   │   [0.9145, 7.1627],                                          │ │
│ │                   │   │   [0.8436, 5.5772],                                          │ │
│ │                   │   │   [0.9526, 8.7598],                                          │ │
│ │                   │   │   [0.8436, 5.5772],                                          │ │
│ │                   │   │   [0.9145, 7.1627],                                          │ │
│ │                   │   │   [0.9778, 6.2062],                                          │ │
│ │                   │   │   [0.8436, 5.5772],                                          │ │
│ │                   │   │   [0.9778, 6.2062],                                          │ │
│ │                   │   │   [0.9778, 6.2062],                                          │ │
│ │                   │   │   [0.9145, 7.1627],                                          │ │
│ │                   │   │   [0.8436, 5.5772],                                          │ │
│ │                   │   │   [0.9526, 8.7598],                                          │ │
│ │                   │   │   [0.9778, 6.2062],                                          │ │
│ │                   │   │   [0.9778, 6.2062],                                          │ │
│ │                   │   │   [0.9526, 8.7598],                                          │ │
│ │                   │   │   [0.9526, 8.7598],                                          │ │
│ │                   │   │   [0.9526, 8.7598],                                          │ │
│ │                   │   │   [0.9526, 8.7598],                                          │ │
│ │                   │   │   [0.8436, 5.5772],                                          │ │
│ │                   │   │   [0.9145, 7.1627],                                          │ │
│ │                   │   │   [0.9778, 6.2062]], device='cuda:0')                        │ │
│ │ last_model_path = '/home/erwinpi/SINGER/cohorts/ssv_CLIPSEG_NORMAL/roster/InstinctJ… │ │
│ │   last_rol_loss = inf                                                                │ │
│ │   last_val_loss = inf                                                                │ │
│ │          lim_sv = 10                                                                 │ │
│ │      log_log_tt = [                                                                  │ │
│ │                   │   (64, 13.31987190246582),                                       │ │
│ │                   │   (64, 15.005024909973145),                                      │ │
│ │                   │   (32, 15.130688667297363)                                       │ │
│ │                   ]                                                                  │ │
│ │            loss = tensor(15.1307, device='cuda:0', grad_fn=<MseLossBackward0>)       │ │
│ │     loss_log_tn = [                                                                  │ │
│ │                   │   (64, 28.807573318481445),                                      │ │
│ │                   │   (64, 30.42835807800293),                                       │ │
│ │                   │   (32, 31.595558166503906),                                      │ │
│ │                   │   (64, 23.5111026763916),                                        │ │
│ │                   │   (64, 23.19711685180664),                                       │ │
│ │                   │   (32, 24.191448211669922),                                      │ │
│ │                   │   (64, 20.59227752685547),                                       │ │
│ │                   │   (64, 22.41820526123047),                                       │ │
│ │                   │   (32, 22.79926872253418),                                       │ │
│ │                   │   (64, 28.70962905883789),                                       │ │
│ │                   │   ... +317                                                       │ │
│ │                   ]                                                                  │ │
│ │   Loss_rollouts = []                                                                 │ │
│ │   loss_rollouts = inf                                                                │ │
│ │      Loss_tests = [14.356096458435058]                                               │ │
│ │      loss_tests = 14.356096458435058                                                 │ │
│ │      Loss_train = [23.98328311465202]                                                │ │
│ │      loss_train = 23.98328311465202                                                  │ │
│ │ Loss_validation = []                                                                 │ │
│ │ loss_validation = inf                                                                │ │
│ │          losses = {                                                                  │ │
│ │                   │   'train': [None],                                               │ │
│ │                   │   'test': [None],                                                │ │
│ │                   │   'validation': [None],                                          │ │
│ │                   │   'rollout': [None],                                             │ │
│ │                   │   'Neps': [None],                                                │ │
│ │                   │   'Nspl': [None],                                                │ │
│ │                   │   't_train': [None]                                              │ │
│ │                   }                                                                  │ │
│ │     losses_path = '/home/erwinpi/SINGER/cohorts/ssv_CLIPSEG_NORMAL/roster/InstinctJ… │ │
│ │              lr = 0.0001                                                             │ │
│ │            mode = 'Parameter'                                                        │ │
│ │           model = HistoryEncoder(                                                    │ │
│ │                     (network): SimpleEncoder(                                        │ │
│ │                   │   (networks): Sequential(                                        │ │
│ │                   │     (0): Linear(in_features=75, out_features=64, bias=True)      │ │
│ │                   │     (1): ReLU()                                                  │ │
│ │                   │     (2): Dropout(p=0.2, inplace=False)                           │ │
│ │                   │     (3): Linear(in_features=64, out_features=32, bias=True)      │ │
│ │                   │     (4): ReLU()                                                  │ │
│ │                   │     (5): Dropout(p=0.2, inplace=False)                           │ │
│ │                   │     (6): Linear(in_features=32, out_features=8, bias=True)       │ │
│ │                   │     (7): ReLU()                                                  │ │
│ │                   │   )                                                              │ │
│ │                   │   (final_layer): Linear(in_features=8, out_features=2,           │ │
│ │                   bias=True)                                                         │ │
│ │                     )                                                                │ │
│ │                   )                                                                  │ │
│ │      model_path = '/home/erwinpi/SINGER/cohorts/ssv_CLIPSEG_NORMAL/roster/InstinctJ… │ │
│ │            Neps = 100                                                                │ │
│ │             Ntn = 17440                                                              │ │
│ │             Ntt = 160                                                                │ │
│ │    od_rol_files = []                                                                 │ │
│ │    od_test_file = '/home/erwinpi/SINGER/cohorts/ssv_CLIPSEG_NORMAL/observation_data… │ │
│ │   od_test_files = [                                                                  │ │
│ │                   │                                                                  │ │
│ │                   '/home/erwinpi/SINGER/cohorts/ssv_CLIPSEG_NORMAL/observation_data… │ │
│ │                   ]                                                                  │ │
│ │   od_train_file = '/home/erwinpi/SINGER/cohorts/ssv_CLIPSEG_NORMAL/observation_data… │ │
│ │  od_train_files = [                                                                  │ │
│ │                   │                                                                  │ │
│ │                   '/home/erwinpi/SINGER/cohorts/ssv_CLIPSEG_NORMAL/observation_data… │ │
│ │                   │                                                                  │ │
│ │                   '/home/erwinpi/SINGER/cohorts/ssv_CLIPSEG_NORMAL/observation_data… │ │
│ │                   │                                                                  │ │
│ │                   '/home/erwinpi/SINGER/cohorts/ssv_CLIPSEG_NORMAL/observation_data… │ │
│ │                   │                                                                  │ │
│ │                   '/home/erwinpi/SINGER/cohorts/ssv_CLIPSEG_NORMAL/observation_data… │ │
│ │                   │                                                                  │ │
│ │                   '/home/erwinpi/SINGER/cohorts/ssv_CLIPSEG_NORMAL/observation_data… │ │
│ │                   │                                                                  │ │
│ │                   '/home/erwinpi/SINGER/cohorts/ssv_CLIPSEG_NORMAL/observation_data… │ │
│ │                   │                                                                  │ │
│ │                   '/home/erwinpi/SINGER/cohorts/ssv_CLIPSEG_NORMAL/observation_data… │ │
│ │                   │                                                                  │ │
│ │                   '/home/erwinpi/SINGER/cohorts/ssv_CLIPSEG_NORMAL/observation_data… │ │
│ │                   │                                                                  │ │
│ │                   '/home/erwinpi/SINGER/cohorts/ssv_CLIPSEG_NORMAL/observation_data… │ │
│ │                   │                                                                  │ │
│ │                   '/home/erwinpi/SINGER/cohorts/ssv_CLIPSEG_NORMAL/observation_data… │ │
│ │                   │   ... +99                                                        │ │
│ │                   ]                                                                  │ │
│ │    od_val_files = []                                                                 │ │
│ │             opt = Adam (                                                             │ │
│ │                   Parameter Group 0                                                  │ │
│ │                   │   amsgrad: False                                                 │ │
│ │                   │   betas: (0.9, 0.999)                                            │ │
│ │                   │   capturable: False                                              │ │
│ │                   │   differentiable: False                                          │ │
│ │                   │   eps: 1e-08                                                     │ │
│ │                   │   foreach: None                                                  │ │
│ │                   │   fused: None                                                    │ │
│ │                   │   lr: 0.0001                                                     │ │
│ │                   │   maximize: False                                                │ │
│ │                   │   weight_decay: 0                                                │ │
│ │                   )                                                                  │ │
│ │      prediction = tensor([[0.2665, 1.1508],                                          │ │
│ │                   │   │   [0.5735, 1.9573],                                          │ │
│ │                   │   │   [0.3746, 1.8937],                                          │ │
│ │                   │   │   [0.4452, 2.0638],                                          │ │
│ │                   │   │   [0.3813, 1.6634],                                          │ │
│ │                   │   │   [0.5025, 1.4949],                                          │ │
│ │                   │   │   [0.4554, 1.7116],                                          │ │
│ │                   │   │   [0.6222, 2.1727],                                          │ │
│ │                   │   │   [0.4334, 1.7084],                                          │ │
│ │                   │   │   [0.3456, 1.8015],                                          │ │
│ │                   │   │   [0.4139, 1.4236],                                          │ │
│ │                   │   │   [0.3845, 1.4155],                                          │ │
│ │                   │   │   [0.4265, 1.4189],                                          │ │
│ │                   │   │   [0.3753, 1.9712],                                          │ │
│ │                   │   │   [0.5074, 1.7003],                                          │ │
│ │                   │   │   [0.4153, 1.3354],                                          │ │
│ │                   │   │   [0.4192, 1.6642],                                          │ │
│ │                   │   │   [0.5850, 1.9732],                                          │ │
│ │                   │   │   [0.5064, 1.8479],                                          │ │
│ │                   │   │   [0.5085, 1.6489],                                          │ │
│ │                   │   │   [0.4519, 1.5582],                                          │ │
│ │                   │   │   [0.7220, 1.8309],                                          │ │
│ │                   │   │   [0.5142, 2.0181],                                          │ │
│ │                   │   │   [0.4358, 2.0883],                                          │ │
│ │                   │   │   [0.2975, 1.2910],                                          │ │
│ │                   │   │   [0.6000, 1.6418],                                          │ │
│ │                   │   │   [0.3852, 1.3197],                                          │ │
│ │                   │   │   [0.4760, 1.4420],                                          │ │
│ │                   │   │   [0.6804, 2.2420],                                          │ │
│ │                   │   │   [0.3221, 1.8264],                                          │ │
│ │                   │   │   [0.5136, 1.6728],                                          │ │
│ │                   │   │   [0.4663, 1.7955]], device='cuda:0',                        │ │
│ │                   grad_fn=<AddmmBackward0>)                                          │ │
│ │      start_time = 1771322002.0243442                                                 │ │
│ │         student = <sousvide.control.pilot.Pilot object at 0x7e8ddada2ce0>            │ │
│ │    student_path = '/home/erwinpi/SINGER/cohorts/ssv_CLIPSEG_NORMAL/roster/InstinctJ… │ │
│ │        use_cuda = True                                                               │ │
│ ╰──────────────────────────────────────────────────────────────────────────────────────╯ │
│                                                                                          │
│ /home/erwinpi/miniconda3/envs/FiGS/lib/python3.10/site-packages/wandb/sdk/lib/preinit.py │
│ :36 in preinit_wrapper                                                                   │
│                                                                                          │
│   33 │   name: str, destination: Optional[Any] = None                                    │
│   34 ) -> Callable:                                                                      │
│   35 │   def preinit_wrapper(*args: Any, **kwargs: Any) -> Any:                          │
│ ❱ 36 │   │   raise wandb.Error(f"You must call wandb.init() before {name}()")            │
│   37 │                                                                                   │
│   38 │   preinit_wrapper.__name__ = str(name)                                            │
│   39 │   if destination:                                                                 │
│                                                                                          │
│ ╭──────────────────────── locals ─────────────────────────╮                              │
│ │   args = (                                              │                              │
│ │          │   {                                          │                              │
│ │          │   │   'train/epoch loss': 23.98328311465202, │                              │
│ │          │   │   'test/epoch loss': 14.356096458435058, │                              │
│ │          │   │   'epoch': 0                             │                              │
│ │          │   },                                         │                              │
│ │          )                                              │                              │
│ │ kwargs = {}                                             │                              │
│ │   name = 'wandb.log'                                    │                              │
│ ╰─────────────────────────────────────────────────────────╯                              │
╰──────────────────────────────────────────────────────────────────────────────────────────╯
Error: You must call wandb.init() before wandb.log()
